#
# There is insufficient memory for the Java Runtime Environment to continue.
# Native memory allocation (malloc) failed to allocate 65552 bytes. Error detail: Chunk::new
# Possible reasons:
#   The system is out of physical RAM or swap space
#   This process is running with CompressedOops enabled, and the Java Heap may be blocking the growth of the native heap
# Possible solutions:
#   Reduce memory load on the system
#   Increase physical memory or swap space
#   Check if swap backing store is full
#   Decrease Java heap size (-Xmx/-Xms)
#   Decrease number of Java threads
#   Decrease Java thread stack sizes (-Xss)
#   Set larger code cache with -XX:ReservedCodeCacheSize=
#   JVM is running with Unscaled Compressed Oops mode in which the Java heap is
#     placed in the first 4GB address space. The Java Heap base address is the
#     maximum limit for the native heap growth. Please use -XX:HeapBaseMinAddress
#     to set the Java Heap base and to place the Java Heap above 4GB virtual address.
# This output file may be truncated or incomplete.
#
#  Out of Memory Error (arena.cpp:168), pid=5908, tid=17896
#
# JRE version: OpenJDK Runtime Environment Temurin-21.0.10+7 (21.0.10+7) (build 21.0.10+7-LTS)
# Java VM: OpenJDK 64-Bit Server VM Temurin-21.0.10+7 (21.0.10+7-LTS, mixed mode, sharing, tiered, compressed oops, compressed class ptrs, parallel gc, windows-amd64)
# No core dump will be written. Minidumps are not enabled by default on client versions of Windows
#

---------------  S U M M A R Y ------------

Command Line: --add-modules=ALL-SYSTEM --add-opens=java.base/java.util=ALL-UNNAMED --add-opens=java.base/java.lang=ALL-UNNAMED --add-opens=java.base/sun.nio.fs=ALL-UNNAMED -Declipse.application=org.eclipse.jdt.ls.core.id1 -Dosgi.bundles.defaultStartLevel=4 -Declipse.product=org.eclipse.jdt.ls.core.product -Djava.import.generatesMetadataFilesAtProjectRoot=false -DDetectVMInstallationsJob.disabled=true -Dfile.encoding=utf8 -XX:+UseParallelGC -XX:GCTimeRatio=4 -XX:AdaptiveSizePolicyWeight=90 -Dsun.zip.disableMemoryMapping=true -Xmx2G -Xms100m -Xlog:disable -javaagent:c:\Users\USER\.vscode\extensions\redhat.java-1.54.0-win32-x64\lombok\lombok-1.18.39-4050.jar c:\Users\USER\.vscode\extensions\redhat.java-1.54.0-win32-x64\server\plugins\org.eclipse.equinox.launcher_1.7.100.v20251111-0406.jar -configuration c:\Users\USER\AppData\Roaming\Code\User\globalStorage\redhat.java\1.54.0\config_ss_win -data c:\Users\USER\AppData\Roaming\Code\User\workspaceStorage\cc211c71b0c977dab0d34c9dec94266d\redhat.java\ss_ws --pipe=\\.\pipe\lsp-d142ae5b2b1f8fe7a88502d9afd3f693-sock

Host: AMD Ryzen 7 5800H with Radeon Graphics         , 16 cores, 13G,  Windows 11 , 64 bit Build 22621 (10.0.22621.5415)
Time: Mon Jun  1 00:01:19 2026 SE Asia Standard Time elapsed time: 0.653123 seconds (0d 0h 0m 0s)

---------------  T H R E A D  ---------------

Current thread (0x000001d27da0e900):  JavaThread "C2 CompilerThread0" daemon [_thread_in_native, id=17896, stack(0x0000008635100000,0x0000008635200000) (1024K)]


Current CompileTask:
C2:653  676       4       lombok.patcher.PatchScript::classMatches (41 bytes)

Stack: [0x0000008635100000,0x0000008635200000]
Native frames: (J=compiled Java code, j=interpreted, Vv=VM code, C=native code)
V  [jvm.dll+0x6d7a39]
V  [jvm.dll+0x8b4b26]
V  [jvm.dll+0x8b70de]
V  [jvm.dll+0x8b77c3]
V  [jvm.dll+0x284346]
V  [jvm.dll+0xc66ed]
V  [jvm.dll+0xc6c31]
V  [jvm.dll+0x6feab5]
V  [jvm.dll+0x6fef15]
V  [jvm.dll+0x70114d]
V  [jvm.dll+0x6ff503]
V  [jvm.dll+0x255b53]
V  [jvm.dll+0x24e21f]
V  [jvm.dll+0x24ba42]
V  [jvm.dll+0x1cb34e]
V  [jvm.dll+0x25b85d]
V  [jvm.dll+0x259dea]
V  [jvm.dll+0x3f857e]
V  [jvm.dll+0x85f59d]
V  [jvm.dll+0x6d626d]
C  [ucrtbase.dll+0x29333]
C  [KERNEL32.DLL+0x1259d]
C  [ntdll.dll+0x5af78]


---------------  P R O C E S S  ---------------

Threads class SMR info:
_java_thread_list=0x000001d27dd2a630, length=15, elements={
0x000001d269ec99b0, 0x000001d269e2f8a0, 0x000001d269e31010, 0x000001d269e37f90,
0x000001d269e3cc60, 0x000001d27da05fd0, 0x000001d27da0a650, 0x000001d27da0e900,
0x000001d27da0f210, 0x000001d27db0ded0, 0x000001d27db11160, 0x000001d27db17ff0,
0x000001d27db61b10, 0x000001d27dc5fa60, 0x000001d27f501d80
}

Java Threads: ( => current thread )
  0x000001d269ec99b0 JavaThread "main"                              [_thread_in_vm, id=13984, stack(0x0000008634700000,0x0000008634800000) (1024K)]
  0x000001d269e2f8a0 JavaThread "Reference Handler"          daemon [_thread_blocked, id=6824, stack(0x0000008634b00000,0x0000008634c00000) (1024K)]
  0x000001d269e31010 JavaThread "Finalizer"                  daemon [_thread_blocked, id=22512, stack(0x0000008634c00000,0x0000008634d00000) (1024K)]
  0x000001d269e37f90 JavaThread "Signal Dispatcher"          daemon [_thread_blocked, id=3364, stack(0x0000008634d00000,0x0000008634e00000) (1024K)]
  0x000001d269e3cc60 JavaThread "Attach Listener"            daemon [_thread_blocked, id=9608, stack(0x0000008634e00000,0x0000008634f00000) (1024K)]
  0x000001d27da05fd0 JavaThread "Service Thread"             daemon [_thread_blocked, id=22768, stack(0x0000008634f00000,0x0000008635000000) (1024K)]
  0x000001d27da0a650 JavaThread "Monitor Deflation Thread"   daemon [_thread_blocked, id=5836, stack(0x0000008635000000,0x0000008635100000) (1024K)]
=>0x000001d27da0e900 JavaThread "C2 CompilerThread0"         daemon [_thread_in_native, id=17896, stack(0x0000008635100000,0x0000008635200000) (1024K)]
  0x000001d27da0f210 JavaThread "C1 CompilerThread0"         daemon [_thread_in_native, id=25776, stack(0x0000008635200000,0x0000008635300000) (1024K)]
  0x000001d27db0ded0 JavaThread "C1 CompilerThread1"         daemon [_thread_in_native, id=27416, stack(0x0000008635300000,0x0000008635400000) (1024K)]
  0x000001d27db11160 JavaThread "C1 CompilerThread2"         daemon [_thread_in_native, id=2676, stack(0x0000008635400000,0x0000008635500000) (1024K)]
  0x000001d27db17ff0 JavaThread "C1 CompilerThread3"         daemon [_thread_in_native, id=29436, stack(0x0000008635500000,0x0000008635600000) (1024K)]
  0x000001d27db61b10 JavaThread "C2 CompilerThread1"         daemon [_thread_in_native, id=28868, stack(0x0000008635600000,0x0000008635700000) (1024K)]
  0x000001d27dc5fa60 JavaThread "Common-Cleaner"             daemon [_thread_blocked, id=8748, stack(0x0000008635700000,0x0000008635800000) (1024K)]
  0x000001d27f501d80 JavaThread "Notification Thread"        daemon [_thread_blocked, id=5888, stack(0x0000008635800000,0x0000008635900000) (1024K)]
Total: 15

Other Threads:
  0x000001d27da059c0 VMThread "VM Thread"                           [id=10888, stack(0x0000008634a00000,0x0000008634b00000) (1024K)]
  0x000001d269d1ca00 WatcherThread "VM Periodic Task Thread"        [id=11784, stack(0x0000008634900000,0x0000008634a00000) (1024K)]
  0x000001d269ee0670 WorkerThread "GC Thread#0"                     [id=3404, stack(0x0000008634800000,0x0000008634900000) (1024K)]
Total: 3

Threads with active compile tasks:
C2 CompilerThread0  714  676       4       lombok.patcher.PatchScript::classMatches (41 bytes)
C1 CompilerThread0  714  748       3       java.lang.invoke.VarForm::getMemberName (38 bytes)
C1 CompilerThread1  714  749       3       java.lang.invoke.VarHandleByteArrayAsInts$ArrayHandle::index (12 bytes)
C1 CompilerThread2  715  747       3       java.lang.invoke.VarHandle::accessModeType (41 bytes)
C1 CompilerThread3  715  746       3       java.lang.invoke.VarHandle::checkAccessModeThenIsDirect (29 bytes)
C2 CompilerThread1  715  704       4       lombok.patcher.scripts.MethodLevelPatchScript::patch (21 bytes)
Total: 6

VM state: not at safepoint (normal execution)

VM Mutex/Monitor currently owned by a thread: None

Heap address: 0x0000000080000000, size: 2048 MB, Compressed Oops mode: 32-bit

CDS archive(s) mapped at: [0x000001d204000000-0x000001d204ba0000-0x000001d204ba0000), size 12189696, SharedBaseAddress: 0x000001d204000000, ArchiveRelocationMode: 1.
Compressed class space mapped at: 0x000001d205000000-0x000001d245000000, reserved size: 1073741824
Narrow klass base: 0x000001d204000000, Narrow klass shift: 0, Narrow klass range: 0x100000000

GC Precious Log:
 CardTable entry size: 512
 CPUs: 16 total, 16 available
 Memory: 14188M
 Large Page Support: Disabled
 NUMA Support: Disabled
 Compressed Oops: Enabled (32-bit)
 Alignments: Space 512K, Generation 512K, Heap 2M
 Heap Min Capacity: 100M
 Heap Initial Capacity: 100M
 Heap Max Capacity: 2G
 Pre-touch: Disabled
 Parallel Workers: 13

Heap:
 PSYoungGen      total 29696K, used 16021K [0x00000000d5580000, 0x00000000d7680000, 0x0000000100000000)
  eden space 25600K, 62% used [0x00000000d5580000,0x00000000d65255d8,0x00000000d6e80000)
  from space 4096K, 0% used [0x00000000d7280000,0x00000000d7280000,0x00000000d7680000)
  to   space 4096K, 0% used [0x00000000d6e80000,0x00000000d6e80000,0x00000000d7280000)
 ParOldGen       total 68608K, used 0K [0x0000000080000000, 0x0000000084300000, 0x00000000d5580000)
  object space 68608K, 0% used [0x0000000080000000,0x0000000080000000,0x0000000084300000)
 Metaspace       used 2839K, committed 3008K, reserved 1114112K
  class space    used 292K, committed 384K, reserved 1048576K

Card table byte_map: [0x000001d269830000,0x000001d269c40000] _byte_map_base: 0x000001d269430000

Marking Bits: (ParMarkBitMap*) 0x00007ffeb4fa3450
 Begin Bits: [0x000001d200000000, 0x000001d202000000)
 End Bits:   [0x000001d202000000, 0x000001d204000000)

Polling page: 0x000001d267d10000

Metaspace:

Usage:
  Non-class:      2.49 MB used.
      Class:    292.45 KB used.
       Both:      2.77 MB used.

Virtual space:
  Non-class space:       64.00 MB reserved,       2.56 MB (  4%) committed,  1 nodes.
      Class space:        1.00 GB reserved,     384.00 KB ( <1%) committed,  1 nodes.
             Both:        1.06 GB reserved,       2.94 MB ( <1%) committed. 

Chunk freelists:
   Non-Class:  11.65 MB
       Class:  15.67 MB
        Both:  27.32 MB

MaxMetaspaceSize: unlimited
CompressedClassSpaceSize: 1.00 GB
Initial GC threshold: 21.00 MB
Current GC threshold: 21.00 MB
CDS: on
 - commit_granule_bytes: 65536.
 - commit_granule_words: 8192.
 - virtual_space_node_default_size: 8388608.
 - enlarge_chunks_in_place: 1.
 - use_allocation_guard: 0.


Internal statistics:

num_allocs_failed_limit: 0.
num_arena_births: 82.
num_arena_deaths: 0.
num_vsnodes_births: 2.
num_vsnodes_deaths: 0.
num_space_committed: 47.
num_space_uncommitted: 0.
num_chunks_returned_to_freelist: 0.
num_chunks_taken_from_freelist: 104.
num_chunk_merges: 0.
num_chunk_splits: 73.
num_chunks_enlarged: 47.
num_inconsistent_stats: 0.

CodeHeap 'non-profiled nmethods': size=119168Kb used=255Kb max_used=255Kb free=118912Kb
 bounds [0x000001d274c30000, 0x000001d274ea0000, 0x000001d27c090000]
CodeHeap 'profiled nmethods': size=119104Kb used=1110Kb max_used=1110Kb free=117994Kb
 bounds [0x000001d26d090000, 0x000001d26d300000, 0x000001d2744e0000]
CodeHeap 'non-nmethods': size=7488Kb used=2873Kb max_used=2884Kb free=4614Kb
 bounds [0x000001d2744e0000, 0x000001d2747c0000, 0x000001d274c30000]
CodeCache: size=245760Kb, used=4238Kb, max_used=4249Kb, free=241520Kb
 total_blobs=1185, nmethods=742, adapters=347, full_count=0
Compilation: enabled, stopped_count=0, restarted_count=0

Compilation events (20 events):
Event: 0.632 Thread 0x000001d27db61b10 nmethod 681 0x000001d274c6bb90 code [0x000001d274c6bd20, 0x000001d274c6bdb8]
Event: 0.632 Thread 0x000001d27db61b10  679       4       java.util.Arrays::checkLength (38 bytes)
Event: 0.633 Thread 0x000001d27db61b10 nmethod 679 0x000001d274c6be90 code [0x000001d274c6c020, 0x000001d274c6c0a8]
Event: 0.633 Thread 0x000001d27db61b10  682       4       java.lang.CharacterDataLatin1::digit (32 bytes)
Event: 0.634 Thread 0x000001d27db61b10 nmethod 682 0x000001d274c6c190 code [0x000001d274c6c320, 0x000001d274c6c440]
Event: 0.636 Thread 0x000001d27db17ff0  684   !   3       sun.instrument.TransformerManager::transform (100 bytes)
Event: 0.636 Thread 0x000001d27db11160  683       3       sun.instrument.InstrumentationImpl::transform (73 bytes)
Event: 0.636 Thread 0x000001d27da0f210  685       3       java.lang.instrument.ClassFileTransformer::transform (15 bytes)
Event: 0.637 Thread 0x000001d27da0f210 nmethod 685 0x000001d26d18a610 code [0x000001d26d18a7c0, 0x000001d26d18a968]
Event: 0.637 Thread 0x000001d27db11160 nmethod 683 0x000001d26d18aa90 code [0x000001d26d18ac60, 0x000001d26d18afd8]
Event: 0.637 Thread 0x000001d27db17ff0 nmethod 684 0x000001d26d18b190 code [0x000001d26d18b360, 0x000001d26d18b7f0]
Event: 0.644 Thread 0x000001d27da0f210  686       3       java.io.ByteArrayOutputStream::ensureCapacity (32 bytes)
Event: 0.644 Thread 0x000001d27da0f210 nmethod 686 0x000001d26d18ba90 code [0x000001d26d18bc60, 0x000001d26d18bfb8]
Event: 0.646 Thread 0x000001d27db17ff0  687       3       java.math.BigInteger::<init> (404 bytes)
Event: 0.646 Thread 0x000001d27db11160  688       3       java.math.BigInteger::getInt (63 bytes)
Event: 0.647 Thread 0x000001d27db11160 nmethod 688 0x000001d26d18c110 code [0x000001d26d18c300, 0x000001d26d18c6c8]
Event: 0.647 Thread 0x000001d27db61b10  689       4       java.math.BigInteger::destructiveMulAdd (150 bytes)
Event: 0.649 Thread 0x000001d27db17ff0 nmethod 687 0x000001d26d18c810 code [0x000001d26d18cce0, 0x000001d26d18ed38]
Event: 0.650 Thread 0x000001d27da0f210  692       3       sun.security.util.CurveDB::bi (11 bytes)
Event: 0.650 Thread 0x000001d27da0f210 nmethod 692 0x000001d26d18fb90 code [0x000001d26d18fd40, 0x000001d26d18ff00]

GC Heap History (0 events):
No events

Dll operation events (8 events):
Event: 0.018 Loaded shared library c:\Users\USER\.vscode\extensions\redhat.java-1.54.0-win32-x64\jre\21.0.10-win32-x86_64\bin\java.dll
Event: 0.098 Loaded shared library c:\Users\USER\.vscode\extensions\redhat.java-1.54.0-win32-x64\jre\21.0.10-win32-x86_64\bin\zip.dll
Event: 0.126 Loaded shared library C:\Users\USER\.vscode\extensions\redhat.java-1.54.0-win32-x64\jre\21.0.10-win32-x86_64\bin\instrument.dll
Event: 0.133 Loaded shared library C:\Users\USER\.vscode\extensions\redhat.java-1.54.0-win32-x64\jre\21.0.10-win32-x86_64\bin\net.dll
Event: 0.137 Loaded shared library C:\Users\USER\.vscode\extensions\redhat.java-1.54.0-win32-x64\jre\21.0.10-win32-x86_64\bin\nio.dll
Event: 0.142 Loaded shared library C:\Users\USER\.vscode\extensions\redhat.java-1.54.0-win32-x64\jre\21.0.10-win32-x86_64\bin\zip.dll
Event: 0.179 Loaded shared library C:\Users\USER\.vscode\extensions\redhat.java-1.54.0-win32-x64\jre\21.0.10-win32-x86_64\bin\jimage.dll
Event: 0.302 Loaded shared library c:\Users\USER\.vscode\extensions\redhat.java-1.54.0-win32-x64\jre\21.0.10-win32-x86_64\bin\verify.dll

Deoptimization events (20 events):
Event: 0.578 Thread 0x000001d269ec99b0 Uncommon trap: trap_request=0xffffffde fr.pc=0x000001d274c64fc4 relative=0x0000000000000124
Event: 0.578 Thread 0x000001d269ec99b0 Uncommon trap: reason=class_check action=maybe_recompile pc=0x000001d274c64fc4 method=jdk.internal.misc.Unsafe.allocateUninitializedArray(Ljava/lang/Class;I)Ljava/lang/Object; @ 51 c2
Event: 0.578 Thread 0x000001d269ec99b0 DEOPT PACKING pc=0x000001d274c64fc4 sp=0x00000086347fb210
Event: 0.578 Thread 0x000001d269ec99b0 DEOPT UNPACKING pc=0x000001d274533aa2 sp=0x00000086347fb188 mode 2
Event: 0.578 Thread 0x000001d269ec99b0 Uncommon trap: trap_request=0xffffffde fr.pc=0x000001d274c64fc4 relative=0x0000000000000124
Event: 0.578 Thread 0x000001d269ec99b0 Uncommon trap: reason=class_check action=maybe_recompile pc=0x000001d274c64fc4 method=jdk.internal.misc.Unsafe.allocateUninitializedArray(Ljava/lang/Class;I)Ljava/lang/Object; @ 51 c2
Event: 0.578 Thread 0x000001d269ec99b0 DEOPT PACKING pc=0x000001d274c64fc4 sp=0x00000086347fb210
Event: 0.578 Thread 0x000001d269ec99b0 DEOPT UNPACKING pc=0x000001d274533aa2 sp=0x00000086347fb188 mode 2
Event: 0.578 Thread 0x000001d269ec99b0 Uncommon trap: trap_request=0xffffffde fr.pc=0x000001d274c64fc4 relative=0x0000000000000124
Event: 0.578 Thread 0x000001d269ec99b0 Uncommon trap: reason=class_check action=maybe_recompile pc=0x000001d274c64fc4 method=jdk.internal.misc.Unsafe.allocateUninitializedArray(Ljava/lang/Class;I)Ljava/lang/Object; @ 51 c2
Event: 0.578 Thread 0x000001d269ec99b0 DEOPT PACKING pc=0x000001d274c64fc4 sp=0x00000086347fb250
Event: 0.578 Thread 0x000001d269ec99b0 DEOPT UNPACKING pc=0x000001d274533aa2 sp=0x00000086347fb1c8 mode 2
Event: 0.593 Thread 0x000001d269ec99b0 Uncommon trap: trap_request=0xffffff45 fr.pc=0x000001d274c605ec relative=0x000000000000014c
Event: 0.593 Thread 0x000001d269ec99b0 Uncommon trap: reason=unstable_if action=reinterpret pc=0x000001d274c605ec method=jdk.internal.util.ArraysSupport.vectorizedHashCode(Ljava/lang/Object;IIII)I @ 2 c2
Event: 0.593 Thread 0x000001d269ec99b0 DEOPT PACKING pc=0x000001d274c605ec sp=0x00000086347fccc0
Event: 0.593 Thread 0x000001d269ec99b0 DEOPT UNPACKING pc=0x000001d274533aa2 sp=0x00000086347fcc70 mode 2
Event: 0.605 Thread 0x000001d269ec99b0 Uncommon trap: trap_request=0xffffff45 fr.pc=0x000001d274c519f4 relative=0x00000000000000d4
Event: 0.605 Thread 0x000001d269ec99b0 Uncommon trap: reason=unstable_if action=reinterpret pc=0x000001d274c519f4 method=java.net.URI.match(CJJ)Z @ 45 c2
Event: 0.605 Thread 0x000001d269ec99b0 DEOPT PACKING pc=0x000001d274c519f4 sp=0x00000086347fce40
Event: 0.605 Thread 0x000001d269ec99b0 DEOPT UNPACKING pc=0x000001d274533aa2 sp=0x00000086347fcda8 mode 2

Classes loaded (20 events):
Event: 0.615 Loading class sun/security/util/AbstractAlgorithmConstraints$1
Event: 0.615 Loading class sun/security/util/AbstractAlgorithmConstraints$1 done
Event: 0.616 Loading class sun/security/util/DisabledAlgorithmConstraints$Constraints
Event: 0.616 Loading class sun/security/util/DisabledAlgorithmConstraints$Constraints done
Event: 0.616 Loading class sun/security/util/CurveDB
Event: 0.617 Loading class sun/security/util/CurveDB done
Event: 0.617 Loading class java/security/spec/ECFieldFp
Event: 0.617 Loading class java/security/spec/ECField
Event: 0.617 Loading class java/security/spec/ECField done
Event: 0.617 Loading class java/security/spec/ECFieldFp done
Event: 0.618 Loading class java/security/spec/EllipticCurve
Event: 0.618 Loading class java/security/spec/EllipticCurve done
Event: 0.618 Loading class java/security/spec/ECPoint
Event: 0.618 Loading class java/security/spec/ECPoint done
Event: 0.618 Loading class sun/security/util/NamedCurve
Event: 0.619 Loading class java/security/spec/ECParameterSpec
Event: 0.619 Loading class java/security/spec/ECParameterSpec done
Event: 0.619 Loading class sun/security/util/NamedCurve done
Event: 0.636 Loading class java/security/spec/ECFieldF2m
Event: 0.637 Loading class java/security/spec/ECFieldF2m done

Classes unloaded (0 events):
No events

Classes redefined (0 events):
No events

Internal exceptions (12 events):
Event: 0.092 Thread 0x000001d269ec99b0 Exception <a 'java/lang/NoSuchMethodError'{0x00000000d57a9df0}: 'void java.lang.invoke.DirectMethodHandle$Holder.invokeStatic(java.lang.Object, java.lang.Object, java.lang.Object)'> (0x00000000d57a9df0) 
thrown [s\src\hotspot\share\interpreter\linkResolver.cpp, line 773]
Event: 0.161 Thread 0x000001d269ec99b0 Exception <a 'java/lang/NoSuchMethodError'{0x00000000d5a13570}: 'java.lang.Object java.lang.invoke.Invokers$Holder.invokeExact_MT(java.lang.Object, java.lang.Object, java.lang.Object, java.lang.Object, java.lang.Object)'> (0x00000000d5a13570) 
thrown [s\src\hotspot\share\interpreter\linkResolver.cpp, line 773]
Event: 0.233 Thread 0x000001d269ec99b0 Exception <a 'java/lang/NoSuchMethodError'{0x00000000d5b4cbe8}: 'int java.lang.invoke.DirectMethodHandle$Holder.invokeSpecial(java.lang.Object, java.lang.Object, java.lang.Object, int)'> (0x00000000d5b4cbe8) 
thrown [s\src\hotspot\share\interpreter\linkResolver.cpp, line 773]
Event: 0.237 Thread 0x000001d269ec99b0 Exception <a 'java/lang/NoSuchMethodError'{0x00000000d5b5f5d0}: 'java.lang.Object java.lang.invoke.DirectMethodHandle$Holder.invokeStatic(java.lang.Object, java.lang.Object, java.lang.Object, java.lang.Object, int)'> (0x00000000d5b5f5d0) 
thrown [s\src\hotspot\share\interpreter\linkResolver.cpp, line 773]
Event: 0.240 Thread 0x000001d269ec99b0 Exception <a 'java/lang/NoSuchMethodError'{0x00000000d5b6aa10}: 'void java.lang.invoke.DelegatingMethodHandle$Holder.reinvoke_L(java.lang.Object, java.lang.Object, java.lang.Object, int, java.lang.Object)'> (0x00000000d5b6aa10) 
thrown [s\src\hotspot\share\interpreter\linkResolver.cpp, line 773]
Event: 0.244 Thread 0x000001d269ec99b0 Exception <a 'java/lang/NoSuchMethodError'{0x00000000d5b7b360}: 'int java.lang.invoke.DirectMethodHandle$Holder.invokeSpecial(java.lang.Object, java.lang.Object, java.lang.Object)'> (0x00000000d5b7b360) 
thrown [s\src\hotspot\share\interpreter\linkResolver.cpp, line 773]
Event: 0.247 Thread 0x000001d269ec99b0 Exception <a 'java/lang/NoSuchMethodError'{0x00000000d5b87020}: 'java.lang.Object java.lang.invoke.DirectMethodHandle$Holder.invokeStatic(java.lang.Object, java.lang.Object, int)'> (0x00000000d5b87020) 
thrown [s\src\hotspot\share\interpreter\linkResolver.cpp, line 773]
Event: 0.248 Thread 0x000001d269ec99b0 Exception <a 'java/lang/NoSuchMethodError'{0x00000000d5b8b970}: 'void java.lang.invoke.DirectMethodHandle$Holder.invokeStatic(java.lang.Object, java.lang.Object, int, java.lang.Object)'> (0x00000000d5b8b970) 
thrown [s\src\hotspot\share\interpreter\linkResolver.cpp, line 773]
Event: 0.249 Thread 0x000001d269ec99b0 Exception <a 'java/lang/NoSuchMethodError'{0x00000000d5b8f500}: 'void java.lang.invoke.DirectMethodHandle$Holder.invokeSpecial(java.lang.Object, java.lang.Object, java.lang.Object, int, java.lang.Object)'> (0x00000000d5b8f500) 
thrown [s\src\hotspot\share\interpreter\linkResolver.cpp, line 773]
Event: 0.250 Thread 0x000001d269ec99b0 Exception <a 'java/lang/NoSuchMethodError'{0x00000000d5b92bc0}: 'void java.lang.invoke.DelegatingMethodHandle$Holder.delegate(java.lang.Object, java.lang.Object, int, java.lang.Object)'> (0x00000000d5b92bc0) 
thrown [s\src\hotspot\share\interpreter\linkResolver.cpp, line 773]
Event: 0.342 Thread 0x000001d269ec99b0 Exception <a 'java/lang/NoSuchMethodError'{0x00000000d5d53bd0}: 'void java.lang.invoke.DelegatingMethodHandle$Holder.reinvoke_L(java.lang.Object, java.lang.Object, java.lang.Object, int)'> (0x00000000d5d53bd0) 
thrown [s\src\hotspot\share\interpreter\linkResolver.cpp, line 773]
Event: 0.582 Thread 0x000001d269ec99b0 Exception <a 'java/lang/NoSuchMethodError'{0x00000000d61e0778}: 'void java.lang.invoke.DirectMethodHandle$Holder.invokeVirtual(java.lang.Object, java.lang.Object)'> (0x00000000d61e0778) 
thrown [s\src\hotspot\share\interpreter\linkResolver.cpp, line 773]

ZGC Phase Switch (0 events):
No events

VM Operations (4 events):
Event: 0.096 Executing non-safepoint VM operation: HandshakeAllThreads (Deoptimize)
Event: 0.096 Executing non-safepoint VM operation: HandshakeAllThreads (Deoptimize) done
Event: 0.200 Executing non-safepoint VM operation: HandshakeAllThreads (Deoptimize)
Event: 0.200 Executing non-safepoint VM operation: HandshakeAllThreads (Deoptimize) done

Memory protections (0 events):
No events

Nmethod flushes (0 events):
No events

Events (15 events):
Event: 0.033 Thread 0x000001d269ec99b0 Thread added: 0x000001d269ec99b0
Event: 0.052 Thread 0x000001d269ec99b0 Thread added: 0x000001d269e2f8a0
Event: 0.052 Thread 0x000001d269ec99b0 Thread added: 0x000001d269e31010
Event: 0.052 Thread 0x000001d269ec99b0 Thread added: 0x000001d269e37f90
Event: 0.052 Thread 0x000001d269ec99b0 Thread added: 0x000001d269e3cc60
Event: 0.052 Thread 0x000001d269ec99b0 Thread added: 0x000001d27da05fd0
Event: 0.052 Thread 0x000001d269ec99b0 Thread added: 0x000001d27da0a650
Event: 0.053 Thread 0x000001d269ec99b0 Thread added: 0x000001d27da0e900
Event: 0.053 Thread 0x000001d269ec99b0 Thread added: 0x000001d27da0f210
Event: 0.096 Thread 0x000001d27da0f210 Thread added: 0x000001d27db0ded0
Event: 0.096 Thread 0x000001d27db0ded0 Thread added: 0x000001d27db11160
Event: 0.097 Thread 0x000001d27da0f210 Thread added: 0x000001d27db17ff0
Event: 0.106 Thread 0x000001d27da0e900 Thread added: 0x000001d27db61b10
Event: 0.129 Thread 0x000001d269ec99b0 Thread added: 0x000001d27dc5fa60
Event: 0.464 Thread 0x000001d269ec99b0 Thread added: 0x000001d27f501d80


Dynamic libraries:
0x00007ff66b030000 - 0x00007ff66b03e000 	c:\Users\USER\.vscode\extensions\redhat.java-1.54.0-win32-x64\jre\21.0.10-win32-x86_64\bin\java.exe
0x00007fff3e770000 - 0x00007fff3e988000 	C:\WINDOWS\SYSTEM32\ntdll.dll
0x00007fff3d300000 - 0x00007fff3d3c4000 	C:\WINDOWS\System32\KERNEL32.DLL
0x00007fff3bbe0000 - 0x00007fff3bfb3000 	C:\WINDOWS\System32\KERNELBASE.dll
0x00007fff37af0000 - 0x00007fff37b87000 	C:\WINDOWS\SYSTEM32\apphelp.dll
0x00007fff3c2f0000 - 0x00007fff3c401000 	C:\WINDOWS\System32\ucrtbase.dll
0x00007fff1e9e0000 - 0x00007fff1e9f8000 	c:\Users\USER\.vscode\extensions\redhat.java-1.54.0-win32-x64\jre\21.0.10-win32-x86_64\bin\jli.dll
0x00007fff193a0000 - 0x00007fff193be000 	c:\Users\USER\.vscode\extensions\redhat.java-1.54.0-win32-x64\jre\21.0.10-win32-x86_64\bin\VCRUNTIME140.dll
0x00007fff3d6c0000 - 0x00007fff3d872000 	C:\WINDOWS\System32\USER32.dll
0x00007fff3c2c0000 - 0x00007fff3c2e6000 	C:\WINDOWS\System32\win32u.dll
0x00007fff3d2d0000 - 0x00007fff3d2f9000 	C:\WINDOWS\System32\GDI32.dll
0x00007fff2c030000 - 0x00007fff2c2cc000 	C:\WINDOWS\WinSxS\amd64_microsoft.windows.common-controls_6595b64144ccf1df_6.0.22621.6060_none_2712eda17382d24b\COMCTL32.dll
0x00007fff3bfc0000 - 0x00007fff3c0db000 	C:\WINDOWS\System32\gdi32full.dll
0x00007fff3e0b0000 - 0x00007fff3e157000 	C:\WINDOWS\System32\msvcrt.dll
0x00007fff3c220000 - 0x00007fff3c2ba000 	C:\WINDOWS\System32\msvcp_win.dll
0x00007fff3d4a0000 - 0x00007fff3d4d1000 	C:\WINDOWS\System32\IMM32.DLL
0x0000000074bd0000 - 0x0000000074bdc000 	C:\Program Files (x86)\360\Total Security\safemon\SafeWrapper.dll
0x00007fff3c700000 - 0x00007fff3c7b1000 	C:\WINDOWS\System32\ADVAPI32.dll
0x00007fff3d220000 - 0x00007fff3d2c8000 	C:\WINDOWS\System32\sechost.dll
0x00007fff3bbb0000 - 0x00007fff3bbd8000 	C:\WINDOWS\System32\bcrypt.dll
0x00007fff3e610000 - 0x00007fff3e728000 	C:\WINDOWS\System32\RPCRT4.dll
0x00007ffedff10000 - 0x00007ffedffbc000 	C:\Program Files (x86)\360\Total Security\safemon\libzdtp64.dll
0x00007fff3c7c0000 - 0x00007fff3d05c000 	C:\WINDOWS\System32\SHELL32.dll
0x00007fff3c0e0000 - 0x00007fff3c21f000 	C:\WINDOWS\System32\wintypes.dll
0x00007fff3e270000 - 0x00007fff3e601000 	C:\WINDOWS\System32\combase.dll
0x00007fff3deb0000 - 0x00007fff3df19000 	C:\WINDOWS\System32\SHLWAPI.dll
0x00007fff3b3f0000 - 0x00007fff3b3fa000 	C:\WINDOWS\SYSTEM32\VERSION.dll
0x00007fff27800000 - 0x00007fff2780c000 	c:\Users\USER\.vscode\extensions\redhat.java-1.54.0-win32-x64\jre\21.0.10-win32-x86_64\bin\vcruntime140_1.dll
0x00007fff04cb0000 - 0x00007fff04d3d000 	c:\Users\USER\.vscode\extensions\redhat.java-1.54.0-win32-x64\jre\21.0.10-win32-x86_64\bin\msvcp140.dll
0x00007ffeb42e0000 - 0x00007ffeb5081000 	c:\Users\USER\.vscode\extensions\redhat.java-1.54.0-win32-x64\jre\21.0.10-win32-x86_64\bin\server\jvm.dll
0x00007fff3d420000 - 0x00007fff3d491000 	C:\WINDOWS\System32\WS2_32.dll
0x00007fff3b760000 - 0x00007fff3b7ad000 	C:\WINDOWS\SYSTEM32\POWRPROF.dll
0x00007fff355f0000 - 0x00007fff35624000 	C:\WINDOWS\SYSTEM32\WINMM.dll
0x00007fff3b730000 - 0x00007fff3b743000 	C:\WINDOWS\SYSTEM32\UMPDC.dll
0x00007fff3a7b0000 - 0x00007fff3a7c8000 	C:\WINDOWS\SYSTEM32\kernel.appcore.dll
0x00007fff1efd0000 - 0x00007fff1efda000 	c:\Users\USER\.vscode\extensions\redhat.java-1.54.0-win32-x64\jre\21.0.10-win32-x86_64\bin\jimage.dll
0x00007fff392f0000 - 0x00007fff39523000 	C:\WINDOWS\SYSTEM32\DBGHELP.DLL
0x00007fff3c590000 - 0x00007fff3c668000 	C:\WINDOWS\System32\OLEAUT32.dll
0x00007fff2d2b0000 - 0x00007fff2d2e2000 	C:\WINDOWS\SYSTEM32\dbgcore.DLL
0x00007fff3b900000 - 0x00007fff3b97b000 	C:\WINDOWS\System32\bcryptPrimitives.dll
0x00007fff0d830000 - 0x00007fff0d83f000 	c:\Users\USER\.vscode\extensions\redhat.java-1.54.0-win32-x64\jre\21.0.10-win32-x86_64\bin\instrument.dll
0x00007fff18a40000 - 0x00007fff18a60000 	c:\Users\USER\.vscode\extensions\redhat.java-1.54.0-win32-x64\jre\21.0.10-win32-x86_64\bin\java.dll
0x00007fff396c0000 - 0x00007fff39fda000 	C:\WINDOWS\SYSTEM32\windows.storage.dll
0x00007fff3dfa0000 - 0x00007fff3e0a4000 	C:\WINDOWS\System32\SHCORE.dll
0x00007fff3b7b0000 - 0x00007fff3b7d5000 	C:\WINDOWS\SYSTEM32\profapi.dll
0x00007fff17f90000 - 0x00007fff17fa8000 	c:\Users\USER\.vscode\extensions\redhat.java-1.54.0-win32-x64\jre\21.0.10-win32-x86_64\bin\zip.dll
0x00007fff17f80000 - 0x00007fff17f90000 	C:\Users\USER\.vscode\extensions\redhat.java-1.54.0-win32-x64\jre\21.0.10-win32-x86_64\bin\net.dll
0x00007fff350c0000 - 0x00007fff351ec000 	C:\WINDOWS\SYSTEM32\WINHTTP.dll
0x00007fff3ac70000 - 0x00007fff3acd9000 	C:\WINDOWS\system32\mswsock.dll
0x00007fff10060000 - 0x00007fff10076000 	C:\Users\USER\.vscode\extensions\redhat.java-1.54.0-win32-x64\jre\21.0.10-win32-x86_64\bin\nio.dll
0x00007fff09860000 - 0x00007fff09870000 	c:\Users\USER\.vscode\extensions\redhat.java-1.54.0-win32-x64\jre\21.0.10-win32-x86_64\bin\verify.dll

JVMTI agents:
c:\Users\USER\.vscode\extensions\redhat.java-1.54.0-win32-x64\lombok\lombok-1.18.39-4050.jar path:c:\Users\USER\.vscode\extensions\redhat.java-1.54.0-win32-x64\jre\21.0.10-win32-x86_64\bin\instrument.dll, loaded, initialized, instrumentlib options:none

dbghelp: loaded successfully - version: 4.0.5 - missing functions: none
symbol engine: initialized successfully - sym options: 0x614 - pdb path: .;c:\Users\USER\.vscode\extensions\redhat.java-1.54.0-win32-x64\jre\21.0.10-win32-x86_64\bin;C:\WINDOWS\SYSTEM32;C:\WINDOWS\WinSxS\amd64_microsoft.windows.common-controls_6595b64144ccf1df_6.0.22621.6060_none_2712eda17382d24b;C:\Program Files (x86)\360\Total Security\safemon;c:\Users\USER\.vscode\extensions\redhat.java-1.54.0-win32-x64\jre\21.0.10-win32-x86_64\bin\server

VM Arguments:
jvm_args: --add-modules=ALL-SYSTEM --add-opens=java.base/java.util=ALL-UNNAMED --add-opens=java.base/java.lang=ALL-UNNAMED --add-opens=java.base/sun.nio.fs=ALL-UNNAMED -Declipse.application=org.eclipse.jdt.ls.core.id1 -Dosgi.bundles.defaultStartLevel=4 -Declipse.product=org.eclipse.jdt.ls.core.product -Djava.import.generatesMetadataFilesAtProjectRoot=false -DDetectVMInstallationsJob.disabled=true -Dfile.encoding=utf8 -XX:+UseParallelGC -XX:GCTimeRatio=4 -XX:AdaptiveSizePolicyWeight=90 -Dsun.zip.disableMemoryMapping=true -Xmx2G -Xms100m -Xlog:disable -javaagent:c:\Users\USER\.vscode\extensions\redhat.java-1.54.0-win32-x64\lombok\lombok-1.18.39-4050.jar 
java_command: c:\Users\USER\.vscode\extensions\redhat.java-1.54.0-win32-x64\server\plugins\org.eclipse.equinox.launcher_1.7.100.v20251111-0406.jar -configuration c:\Users\USER\AppData\Roaming\Code\User\globalStorage\redhat.java\1.54.0\config_ss_win -data c:\Users\USER\AppData\Roaming\Code\User\workspaceStorage\cc211c71b0c977dab0d34c9dec94266d\redhat.java\ss_ws --pipe=\\.\pipe\lsp-d142ae5b2b1f8fe7a88502d9afd3f693-sock
java_class_path (initial): c:\Users\USER\.vscode\extensions\redhat.java-1.54.0-win32-x64\server\plugins\org.eclipse.equinox.launcher_1.7.100.v20251111-0406.jar
Launcher Type: SUN_STANDARD

[Global flags]
    uintx AdaptiveSizePolicyWeight                 = 90                                        {product} {command line}
     intx CICompilerCount                          = 12                                        {product} {ergonomic}
    uintx GCTimeRatio                              = 4                                         {product} {command line}
   size_t InitialHeapSize                          = 104857600                                 {product} {command line}
   size_t MaxHeapSize                              = 2147483648                                {product} {command line}
   size_t MaxNewSize                               = 715653120                                 {product} {ergonomic}
   size_t MinHeapDeltaBytes                        = 524288                                    {product} {ergonomic}
   size_t MinHeapSize                              = 104857600                                 {product} {command line}
   size_t NewSize                                  = 34603008                                  {product} {ergonomic}
    uintx NonNMethodCodeHeapSize                   = 7602480                                {pd product} {ergonomic}
    uintx NonProfiledCodeHeapSize                  = 122027880                              {pd product} {ergonomic}
   size_t OldSize                                  = 70254592                                  {product} {ergonomic}
    uintx ProfiledCodeHeapSize                     = 122027880                              {pd product} {ergonomic}
    uintx ReservedCodeCacheSize                    = 251658240                              {pd product} {ergonomic}
     bool SegmentedCodeCache                       = true                                      {product} {ergonomic}
   size_t SoftMaxHeapSize                          = 2147483648                             {manageable} {ergonomic}
     bool UseCompressedOops                        = true                           {product lp64_product} {ergonomic}
     bool UseLargePagesIndividualAllocation        = false                                  {pd product} {ergonomic}
     bool UseParallelGC                            = true                                      {product} {command line}

Logging:
Log output configuration:
 #0: stdout all=off uptime,level,tags foldmultilines=false
 #1: stderr all=off uptime,level,tags foldmultilines=false

Release file:
JAVA_VERSION="21.0.10" 
MODULES="java.base java.compiler java.datatransfer java.xml java.prefs java.desktop java.instrument java.logging java.management java.security.sasl java.naming java.rmi java.management.rmi java.net.http java.scripting java.security.jgss java.transaction.xa java.sql java.sql.rowset java.xml.crypto java.se java.smartcardio jdk.accessibility jdk.internal.jvmstat jdk.attach jdk.charsets jdk.internal.opt jdk.zipfs jdk.compiler jdk.crypto.ec jdk.crypto.cryptoki jdk.crypto.mscapi jdk.dynalink jdk.internal.ed jdk.editpad jdk.hotspot.agent jdk.httpserver jdk.internal.le jdk.internal.vm.ci jdk.internal.vm.compiler jdk.internal.vm.compiler.management jdk.jartool jdk.javadoc jdk.jcmd jdk.management jdk.management.agent jdk.jconsole jdk.jdeps jdk.jdwp.agent jdk.jdi jdk.jfr jdk.jshell jdk.jsobject jdk.jstatd jdk.localedata jdk.management.jfr jdk.naming.dns jdk.naming.rmi jdk.net jdk.nio.mapmode jdk.random jdk.sctp jdk.security.auth jdk.security.jgss jdk.unsupported jdk.unsupported.desktop jdk.xml.dom" 

Environment Variables:
PATH=C:\Python313\Scripts\;C:\Python313\;C:\Program Files (x86)\Common Files\Intel\Shared Libraries\redist\intel64\compiler;C:\Program Files (x86)\VMware\VMware Workstation\bin\;C:\Program Files\Common Files\Oracle\Java\javapath;C:\Program Files (x86)\Common Files\Oracle\Java\javapath;C:\Windows\system32;C:\Windows;C:\Windows\System32\Wbem;C:\Windows\System32\WindowsPowerShell\v1.0\;C:\Windows\System32\OpenSSH\;C:\WINDOWS\system32;C:\WINDOWS;C:\WINDOWS\System32\Wbem;C:\WINDOWS\System32\WindowsPowerShell\v1.0\;C:\WINDOWS\System32\OpenSSH\;C:\Program Files (x86)\NVIDIA Corporation\PhysX\Common;C:\MinGW\bin;C:\Program Files\Docker\Docker\resources\bin;C:\ProgramData\chocolatey\bin;C:\Program Files\NVIDIA Corporation\NVIDIA app\NvDLISR;C:\Program Files\dotnet\;C:\Program Files\Git\cmd;C:\xampp\php;D:\Program File;D:\AppData\Local\nvm;D:\Program File\nodejs;C:\Users\USER\AppData\Local\Muse Hub\lib;C:\Program Files\CMake\bin;C:\Users\USER\AppData\Local\Programs\Python\Python310\Scripts\;C:\Users\USER\AppData\Local\Programs\Python\Python310\;C:\Users\USER\AppData\Local\Programs\Python\Python312\Scripts\;C:\Users\USER\AppData\Local\Programs\Python\Python312\;C:\Users\USER\AppData\Local\Programs\Python\Launcher\;C:\Users\USER\AppData\Local\Microsoft\WindowsApps;C:\Users\USER\AppData\Local\Programs\Microsoft VS Code\bin;C:\Program Files\Java\jdk-22\bin;C:\Users\USER\AppData\Roaming\npm;C:\Node;C:\Users\USER\AppData\Roaming\Composer\vendor\bin;D:\Program File\cursor\resources\app\bin;D:\AppData\Local\nvm;D:\Program File\nodejs;D:\Program File\Antigravity\bin;C:\Users\USER\AppData\Local\Muse Hub\lib;D:\SDK\flutter\bin;
USERNAME=USER
OS=Windows_NT
PROCESSOR_IDENTIFIER=AMD64 Family 25 Model 80 Stepping 0, AuthenticAMD
TMP=C:\Users\USER\AppData\Local\Temp
TEMP=C:\Users\USER\AppData\Local\Temp




Periodic native trim disabled

---------------  S Y S T E M  ---------------

OS:
 Windows 11 , 64 bit Build 22621 (10.0.22621.5415)
OS uptime: 0 days 4:05 hours
Hyper-V role detected

CPU: total 16 (initial active 16) (16 cores per cpu, 2 threads per core) family 25 model 80 stepping 0 microcode 0x0, cx8, cmov, fxsr, ht, mmx, 3dnowpref, sse, sse2, sse3, ssse3, sse4a, sse4.1, sse4.2, popcnt, lzcnt, tsc, tscinvbit, avx, avx2, aes, erms, clmul, bmi1, bmi2, adx, sha, fma, vzeroupper, clflush, clflushopt, hv, rdtscp, rdpid, fsrm, f16c, cet_ss
Processor Information for the first 16 processors :
  Max Mhz: 3201, Current Mhz: 3201, Mhz Limit: 3201

Memory: 4k page, system-wide physical 14188M (2103M free)
TotalPageFile size 19630M (AvailPageFile size 0M)
current process WorkingSet (physical memory assigned to process): 60M, peak: 60M
current process commit charge ("private bytes"): 246M, peak: 246M

vm_info: OpenJDK 64-Bit Server VM (21.0.10+7-LTS) for windows-amd64 JRE (21.0.10+7-LTS), built on 2026-01-20T00:00:00Z by "admin" with MS VC++ 17.12 (VS2022)

END.
